2012-10-18 16:49:46,480 INFO NHibernate 3.3.1.4000 (3.3.1.4000)
2012-10-18 16:49:46,486 INFO hibernate-configuration section not found in application configuration file
2012-10-18 16:49:46,486 INFO Bytecode provider name : lcg
2012-10-18 16:49:46,487 INFO Using reflection optimizer
2012-10-18 16:49:46,807 INFO Using dialect: NHibernate.Dialect.MsSql2008Dialect
2012-10-18 16:49:46,843 INFO Mapping class: DomainService.DomainModels.Category -> Category
2012-10-18 16:49:46,907 INFO Using dialect: NHibernate.Dialect.MsSql2008Dialect
2012-10-18 16:49:46,907 INFO Mapping class: DomainService.DomainModels.Consignment -> Consignment
2012-10-18 16:49:46,930 INFO Using dialect: NHibernate.Dialect.MsSql2008Dialect
2012-10-18 16:49:46,930 INFO Mapping class: DomainService.DomainModels.IncomingProduct -> IncomingProduct
2012-10-18 16:49:46,943 INFO Using dialect: NHibernate.Dialect.MsSql2008Dialect
2012-10-18 16:49:46,943 INFO Mapping class: DomainService.DomainModels.OrderItem -> OrderItem
2012-10-18 16:49:46,957 INFO Using dialect: NHibernate.Dialect.MsSql2008Dialect
2012-10-18 16:49:46,957 INFO Mapping class: DomainService.DomainModels.Order -> Order
2012-10-18 16:49:46,981 INFO Using dialect: NHibernate.Dialect.MsSql2008Dialect
2012-10-18 16:49:46,981 INFO Mapping class: DomainService.DomainModels.Product -> Product
2012-10-18 16:49:46,984 INFO Mapping joined-subclass: DomainService.DomainModels.AvailableProduct -> AvailableProduct
2012-10-18 16:49:46,999 INFO Using dialect: NHibernate.Dialect.MsSql2008Dialect
2012-10-18 16:49:46,999 INFO Mapping class: DomainService.DomainModels.User -> User
2012-10-18 16:49:46,999 INFO Mapping joined-subclass: DomainService.DomainModels.RegisteredUser -> RegisteredUser
2012-10-18 16:49:47,000 INFO checking mappings queue
2012-10-18 16:49:47,001 INFO processing one-to-many association mappings
2012-10-18 16:49:47,002 INFO mapping collection: DomainService.DomainModels.Category.ChildCategories -> Category
2012-10-18 16:49:47,005 INFO mapping collection: DomainService.DomainModels.Consignment.IncomingProducts -> IncomingProduct
2012-10-18 16:49:47,005 INFO mapping collection: DomainService.DomainModels.Order.OrderItems -> OrderItem
2012-10-18 16:49:47,005 INFO processing one-to-one association property references
2012-10-18 16:49:47,005 INFO processing foreign key constraints
2012-10-18 16:49:47,007 INFO processing filters (second pass)
2012-10-18 16:49:47,022 INFO Using dialect: NHibernate.Dialect.MsSql2008Dialect
2012-10-18 16:49:47,024 INFO Using dialect: NHibernate.Dialect.MsSql2008Dialect
2012-10-18 16:49:47,061 INFO Using dialect defined converter
2012-10-18 16:49:47,061 INFO Generate SQL with comments: disabled
2012-10-18 16:49:47,062 INFO Initializing connection provider: NHibernate.Connection.DriverConnectionProvider
2012-10-18 16:49:47,062 INFO Configuring ConnectionProvider
2012-10-18 16:49:47,063 INFO Transaction factory: NHibernate.Transaction.AdoNetWithDistributedTransactionFactory
2012-10-18 16:49:47,063 INFO Optimize cache for minimal puts: False
2012-10-18 16:49:47,063 INFO Connection release mode: auto
2012-10-18 16:49:47,063 INFO Default schema: dbo
2012-10-18 16:49:47,064 INFO Default batch fetch size: 1
2012-10-18 16:49:47,064 INFO echoing all SQL to stdout
2012-10-18 16:49:47,064 INFO Statistics: disabled
2012-10-18 16:49:47,064 INFO Deleted entity synthetic identifier rollback: disabled
2012-10-18 16:49:47,064 INFO Query translator: NHibernate.Hql.Ast.ANTLR.ASTQueryTranslatorFactory
2012-10-18 16:49:47,065 INFO Query language substitutions: {'true'='1', 'false'='0', 'yes'=''Y'', 'no'=''N''}
2012-10-18 16:49:47,066 INFO cache provider: NHibernate.Cache.NoCacheProvider, NHibernate, Version=3.3.1.4000, Culture=neutral, PublicKeyToken=aa95f207798dfdb4
2012-10-18 16:49:47,066 INFO Order SQL inserts for batching: enabled
2012-10-18 16:49:47,067 INFO Batcher factory: NHibernate.AdoNet.SqlClientBatchingBatcherFactory, NHibernate, Version=3.3.1.4000, Culture=neutral, PublicKeyToken=aa95f207798dfdb4
2012-10-18 16:49:47,067 INFO Using Isolation Level: ReadCommitted
2012-10-18 16:49:47,067 INFO Default entity-mode: Poco
2012-10-18 16:49:47,067 INFO Named query checking : enabled
2012-10-18 16:49:47,091 INFO building session factory
2012-10-18 16:49:47,321 INFO no name configured
2012-10-18 16:49:47,654 INFO select TOP (@p0)  availablep0_.ProductId as ProductId5_, availablep0_1_.Name as Name5_, availablep0_1_.Description as Descript3_5_, availablep0_1_.Price as Price5_, availablep0_1_.CategoryId as CategoryId5_, availablep0_1_.UserId as UserId5_, availablep0_.Count as Count6_ from dbo.[AvailableProduct] availablep0_ inner join dbo.[Product] availablep0_1_ on availablep0_.ProductId=availablep0_1_.ProductId
2012-10-18 16:49:49,634 INFO handling property dereference [DomainService.DomainModels.Category (c) -> ParentCategory (Class)]
2012-10-18 16:49:49,644 INFO select category0_.CategoryId as CategoryId0_, category0_.Name as Name0_, category0_.Description as Descript3_0_, category0_.ParentCategoryId as ParentCa4_0_ from dbo.[Category] category0_ where category0_.ParentCategoryId is null
2012-10-18 16:49:50,058 INFO SELECT childcateg0_.ParentCategoryId as ParentCa4_1_, childcateg0_.CategoryId as CategoryId1_, childcateg0_.CategoryId as CategoryId0_0_, childcateg0_.Name as Name0_0_, childcateg0_.Description as Descript3_0_0_, childcateg0_.ParentCategoryId as ParentCa4_0_0_ FROM dbo.[Category] childcateg0_ WHERE childcateg0_.ParentCategoryId=@p0
2012-10-18 16:49:55,181 INFO select category0_.CategoryId as CategoryId0_, category0_.Name as Name0_, category0_.Description as Descript3_0_, category0_.ParentCategoryId as ParentCa4_0_ from dbo.[Category] category0_ where category0_.ParentCategoryId is null
2012-10-18 16:49:55,190 INFO SELECT childcateg0_.ParentCategoryId as ParentCa4_1_, childcateg0_.CategoryId as CategoryId1_, childcateg0_.CategoryId as CategoryId0_0_, childcateg0_.Name as Name0_0_, childcateg0_.Description as Descript3_0_0_, childcateg0_.ParentCategoryId as ParentCa4_0_0_ FROM dbo.[Category] childcateg0_ WHERE childcateg0_.ParentCategoryId=@p0
2012-10-18 16:49:58,202 INFO select category0_.CategoryId as CategoryId0_, category0_.Name as Name0_, category0_.Description as Descript3_0_, category0_.ParentCategoryId as ParentCa4_0_ from dbo.[Category] category0_ where category0_.ParentCategoryId is null
2012-10-18 16:49:58,218 INFO SELECT childcateg0_.ParentCategoryId as ParentCa4_1_, childcateg0_.CategoryId as CategoryId1_, childcateg0_.CategoryId as CategoryId0_0_, childcateg0_.Name as Name0_0_, childcateg0_.Description as Descript3_0_0_, childcateg0_.ParentCategoryId as ParentCa4_0_0_ FROM dbo.[Category] childcateg0_ WHERE childcateg0_.ParentCategoryId=@p0
2012-10-18 16:49:59,011 INFO handling property dereference [DomainService.DomainModels.User (u) -> Email (Class)]
2012-10-18 16:49:59,018 INFO select TOP (1)  user0_.UserId as UserId7_, user0_.FirstName as FirstName7_, user0_.LastName as LastName7_, user0_.Email as Email7_, user0_.RoleId as RoleId7_, user0_1_.Password as Password8_, case when user0_1_.RegisteredUserId is not null then 1 when user0_.UserId is not null then 0 end as clazz_ from dbo.[User] user0_ left outer join dbo.[RegisteredUser] user0_1_ on user0_.UserId=user0_1_.RegisteredUserId where user0_.Email=@p0
2012-10-18 16:49:59,091 INFO select TOP (1)  user0_.UserId as UserId7_, user0_.FirstName as FirstName7_, user0_.LastName as LastName7_, user0_.Email as Email7_, user0_.RoleId as RoleId7_, user0_1_.Password as Password8_, case when user0_1_.RegisteredUserId is not null then 1 when user0_.UserId is not null then 0 end as clazz_ from dbo.[User] user0_ left outer join dbo.[RegisteredUser] user0_1_ on user0_.UserId=user0_1_.RegisteredUserId where user0_.Email=@p0
2012-10-18 16:49:59,123 INFO select TOP (1)  user0_.UserId as UserId7_, user0_.FirstName as FirstName7_, user0_.LastName as LastName7_, user0_.Email as Email7_, user0_.RoleId as RoleId7_, user0_1_.Password as Password8_, case when user0_1_.RegisteredUserId is not null then 1 when user0_.UserId is not null then 0 end as clazz_ from dbo.[User] user0_ left outer join dbo.[RegisteredUser] user0_1_ on user0_.UserId=user0_1_.RegisteredUserId where user0_.Email=@p0
2012-10-18 16:49:59,129 INFO select category0_.CategoryId as CategoryId0_, category0_.Name as Name0_, category0_.Description as Descript3_0_, category0_.ParentCategoryId as ParentCa4_0_ from dbo.[Category] category0_ where category0_.ParentCategoryId is null
2012-10-18 16:50:00,199 INFO SELECT childcateg0_.ParentCategoryId as ParentCa4_1_, childcateg0_.CategoryId as CategoryId1_, childcateg0_.CategoryId as CategoryId0_0_, childcateg0_.Name as Name0_0_, childcateg0_.Description as Descript3_0_0_, childcateg0_.ParentCategoryId as ParentCa4_0_0_ FROM dbo.[Category] childcateg0_ WHERE childcateg0_.ParentCategoryId=@p0
2012-10-18 16:50:00,393 INFO SELECT childcateg0_.ParentCategoryId as ParentCa4_1_, childcateg0_.CategoryId as CategoryId1_, childcateg0_.CategoryId as CategoryId0_0_, childcateg0_.Name as Name0_0_, childcateg0_.Description as Descript3_0_0_, childcateg0_.ParentCategoryId as ParentCa4_0_0_ FROM dbo.[Category] childcateg0_ WHERE childcateg0_.ParentCategoryId=@p0
2012-10-18 16:50:00,401 INFO SELECT childcateg0_.ParentCategoryId as ParentCa4_1_, childcateg0_.CategoryId as CategoryId1_, childcateg0_.CategoryId as CategoryId0_0_, childcateg0_.Name as Name0_0_, childcateg0_.Description as Descript3_0_0_, childcateg0_.ParentCategoryId as ParentCa4_0_0_ FROM dbo.[Category] childcateg0_ WHERE childcateg0_.ParentCategoryId=@p0
2012-10-18 16:50:00,408 INFO SELECT childcateg0_.ParentCategoryId as ParentCa4_1_, childcateg0_.CategoryId as CategoryId1_, childcateg0_.CategoryId as CategoryId0_0_, childcateg0_.Name as Name0_0_, childcateg0_.Description as Descript3_0_0_, childcateg0_.ParentCategoryId as ParentCa4_0_0_ FROM dbo.[Category] childcateg0_ WHERE childcateg0_.ParentCategoryId=@p0
2012-10-18 16:50:00,415 INFO SELECT childcateg0_.ParentCategoryId as ParentCa4_1_, childcateg0_.CategoryId as CategoryId1_, childcateg0_.CategoryId as CategoryId0_0_, childcateg0_.Name as Name0_0_, childcateg0_.Description as Descript3_0_0_, childcateg0_.ParentCategoryId as ParentCa4_0_0_ FROM dbo.[Category] childcateg0_ WHERE childcateg0_.ParentCategoryId=@p0
2012-10-18 16:50:00,423 INFO SELECT childcateg0_.ParentCategoryId as ParentCa4_1_, childcateg0_.CategoryId as CategoryId1_, childcateg0_.CategoryId as CategoryId0_0_, childcateg0_.Name as Name0_0_, childcateg0_.Description as Descript3_0_0_, childcateg0_.ParentCategoryId as ParentCa4_0_0_ FROM dbo.[Category] childcateg0_ WHERE childcateg0_.ParentCategoryId=@p0
2012-10-18 16:50:00,430 INFO SELECT childcateg0_.ParentCategoryId as ParentCa4_1_, childcateg0_.CategoryId as CategoryId1_, childcateg0_.CategoryId as CategoryId0_0_, childcateg0_.Name as Name0_0_, childcateg0_.Description as Descript3_0_0_, childcateg0_.ParentCategoryId as ParentCa4_0_0_ FROM dbo.[Category] childcateg0_ WHERE childcateg0_.ParentCategoryId=@p0
2012-10-18 16:50:00,439 INFO SELECT childcateg0_.ParentCategoryId as ParentCa4_1_, childcateg0_.CategoryId as CategoryId1_, childcateg0_.CategoryId as CategoryId0_0_, childcateg0_.Name as Name0_0_, childcateg0_.Description as Descript3_0_0_, childcateg0_.ParentCategoryId as ParentCa4_0_0_ FROM dbo.[Category] childcateg0_ WHERE childcateg0_.ParentCategoryId=@p0
2012-10-18 16:50:00,448 INFO SELECT childcateg0_.ParentCategoryId as ParentCa4_1_, childcateg0_.CategoryId as CategoryId1_, childcateg0_.CategoryId as CategoryId0_0_, childcateg0_.Name as Name0_0_, childcateg0_.Description as Descript3_0_0_, childcateg0_.ParentCategoryId as ParentCa4_0_0_ FROM dbo.[Category] childcateg0_ WHERE childcateg0_.ParentCategoryId=@p0
2012-10-18 16:50:00,459 INFO SELECT childcateg0_.ParentCategoryId as ParentCa4_1_, childcateg0_.CategoryId as CategoryId1_, childcateg0_.CategoryId as CategoryId0_0_, childcateg0_.Name as Name0_0_, childcateg0_.Description as Descript3_0_0_, childcateg0_.ParentCategoryId as ParentCa4_0_0_ FROM dbo.[Category] childcateg0_ WHERE childcateg0_.ParentCategoryId=@p0
2012-10-18 16:50:00,470 INFO SELECT childcateg0_.ParentCategoryId as ParentCa4_1_, childcateg0_.CategoryId as CategoryId1_, childcateg0_.CategoryId as CategoryId0_0_, childcateg0_.Name as Name0_0_, childcateg0_.Description as Descript3_0_0_, childcateg0_.ParentCategoryId as ParentCa4_0_0_ FROM dbo.[Category] childcateg0_ WHERE childcateg0_.ParentCategoryId=@p0
2012-10-18 16:50:00,480 INFO SELECT childcateg0_.ParentCategoryId as ParentCa4_1_, childcateg0_.CategoryId as CategoryId1_, childcateg0_.CategoryId as CategoryId0_0_, childcateg0_.Name as Name0_0_, childcateg0_.Description as Descript3_0_0_, childcateg0_.ParentCategoryId as ParentCa4_0_0_ FROM dbo.[Category] childcateg0_ WHERE childcateg0_.ParentCategoryId=@p0
2012-10-18 16:50:00,489 INFO SELECT childcateg0_.ParentCategoryId as ParentCa4_1_, childcateg0_.CategoryId as CategoryId1_, childcateg0_.CategoryId as CategoryId0_0_, childcateg0_.Name as Name0_0_, childcateg0_.Description as Descript3_0_0_, childcateg0_.ParentCategoryId as ParentCa4_0_0_ FROM dbo.[Category] childcateg0_ WHERE childcateg0_.ParentCategoryId=@p0
2012-10-18 16:50:00,497 INFO SELECT childcateg0_.ParentCategoryId as ParentCa4_1_, childcateg0_.CategoryId as CategoryId1_, childcateg0_.CategoryId as CategoryId0_0_, childcateg0_.Name as Name0_0_, childcateg0_.Description as Descript3_0_0_, childcateg0_.ParentCategoryId as ParentCa4_0_0_ FROM dbo.[Category] childcateg0_ WHERE childcateg0_.ParentCategoryId=@p0
2012-10-18 16:50:00,507 INFO SELECT childcateg0_.ParentCategoryId as ParentCa4_1_, childcateg0_.CategoryId as CategoryId1_, childcateg0_.CategoryId as CategoryId0_0_, childcateg0_.Name as Name0_0_, childcateg0_.Description as Descript3_0_0_, childcateg0_.ParentCategoryId as ParentCa4_0_0_ FROM dbo.[Category] childcateg0_ WHERE childcateg0_.ParentCategoryId=@p0
2012-10-18 16:50:00,515 INFO SELECT childcateg0_.ParentCategoryId as ParentCa4_1_, childcateg0_.CategoryId as CategoryId1_, childcateg0_.CategoryId as CategoryId0_0_, childcateg0_.Name as Name0_0_, childcateg0_.Description as Descript3_0_0_, childcateg0_.ParentCategoryId as ParentCa4_0_0_ FROM dbo.[Category] childcateg0_ WHERE childcateg0_.ParentCategoryId=@p0
2012-10-18 16:50:00,522 INFO SELECT childcateg0_.ParentCategoryId as ParentCa4_1_, childcateg0_.CategoryId as CategoryId1_, childcateg0_.CategoryId as CategoryId0_0_, childcateg0_.Name as Name0_0_, childcateg0_.Description as Descript3_0_0_, childcateg0_.ParentCategoryId as ParentCa4_0_0_ FROM dbo.[Category] childcateg0_ WHERE childcateg0_.ParentCategoryId=@p0
2012-10-18 16:50:02,766 INFO select TOP (1)  user0_.UserId as UserId7_, user0_.FirstName as FirstName7_, user0_.LastName as LastName7_, user0_.Email as Email7_, user0_.RoleId as RoleId7_, user0_1_.Password as Password8_, case when user0_1_.RegisteredUserId is not null then 1 when user0_.UserId is not null then 0 end as clazz_ from dbo.[User] user0_ left outer join dbo.[RegisteredUser] user0_1_ on user0_.UserId=user0_1_.RegisteredUserId where user0_.Email=@p0
2012-10-18 16:50:02,786 INFO SELECT category0_.CategoryId as CategoryId0_0_, category0_.Name as Name0_0_, category0_.Description as Descript3_0_0_, category0_.ParentCategoryId as ParentCa4_0_0_ FROM dbo.[Category] category0_ WHERE category0_.CategoryId=@p0
2012-10-18 16:50:02,822 INFO exec parent_categories_for_categoryId @p0
2012-10-18 16:50:03,311 INFO select TOP (1)  user0_.UserId as UserId7_, user0_.FirstName as FirstName7_, user0_.LastName as LastName7_, user0_.Email as Email7_, user0_.RoleId as RoleId7_, user0_1_.Password as Password8_, case when user0_1_.RegisteredUserId is not null then 1 when user0_.UserId is not null then 0 end as clazz_ from dbo.[User] user0_ left outer join dbo.[RegisteredUser] user0_1_ on user0_.UserId=user0_1_.RegisteredUserId where user0_.Email=@p0
2012-10-18 16:50:03,361 INFO select TOP (1)  user0_.UserId as UserId7_, user0_.FirstName as FirstName7_, user0_.LastName as LastName7_, user0_.Email as Email7_, user0_.RoleId as RoleId7_, user0_1_.Password as Password8_, case when user0_1_.RegisteredUserId is not null then 1 when user0_.UserId is not null then 0 end as clazz_ from dbo.[User] user0_ left outer join dbo.[RegisteredUser] user0_1_ on user0_.UserId=user0_1_.RegisteredUserId where user0_.Email=@p0
2012-10-18 16:50:03,361 INFO select TOP (1)  user0_.UserId as UserId7_, user0_.FirstName as FirstName7_, user0_.LastName as LastName7_, user0_.Email as Email7_, user0_.RoleId as RoleId7_, user0_1_.Password as Password8_, case when user0_1_.RegisteredUserId is not null then 1 when user0_.UserId is not null then 0 end as clazz_ from dbo.[User] user0_ left outer join dbo.[RegisteredUser] user0_1_ on user0_.UserId=user0_1_.RegisteredUserId where user0_.Email=@p0
2012-10-18 16:50:03,512 INFO select TOP (1)  user0_.UserId as UserId7_, user0_.FirstName as FirstName7_, user0_.LastName as LastName7_, user0_.Email as Email7_, user0_.RoleId as RoleId7_, user0_1_.Password as Password8_, case when user0_1_.RegisteredUserId is not null then 1 when user0_.UserId is not null then 0 end as clazz_ from dbo.[User] user0_ left outer join dbo.[RegisteredUser] user0_1_ on user0_.UserId=user0_1_.RegisteredUserId where user0_.Email=@p0
2012-10-18 16:50:05,203 INFO select TOP (1)  user0_.UserId as UserId7_, user0_.FirstName as FirstName7_, user0_.LastName as LastName7_, user0_.Email as Email7_, user0_.RoleId as RoleId7_, user0_1_.Password as Password8_, case when user0_1_.RegisteredUserId is not null then 1 when user0_.UserId is not null then 0 end as clazz_ from dbo.[User] user0_ left outer join dbo.[RegisteredUser] user0_1_ on user0_.UserId=user0_1_.RegisteredUserId where user0_.Email=@p0
2012-10-18 16:50:05,219 INFO select product0_.ProductId as ProductId5_, product0_.Name as Name5_, product0_.Description as Descript3_5_, product0_.Price as Price5_, product0_.CategoryId as CategoryId5_, product0_.UserId as UserId5_, product0_1_.Count as Count6_, case when product0_1_.ProductId is not null then 1 when product0_.ProductId is not null then 0 end as clazz_ from dbo.[Product] product0_ left outer join dbo.[AvailableProduct] product0_1_ on product0_.ProductId=product0_1_.ProductId
2012-10-18 16:50:08,758 INFO select TOP (1)  user0_.UserId as UserId7_, user0_.FirstName as FirstName7_, user0_.LastName as LastName7_, user0_.Email as Email7_, user0_.RoleId as RoleId7_, user0_1_.Password as Password8_, case when user0_1_.RegisteredUserId is not null then 1 when user0_.UserId is not null then 0 end as clazz_ from dbo.[User] user0_ left outer join dbo.[RegisteredUser] user0_1_ on user0_.UserId=user0_1_.RegisteredUserId where user0_.Email=@p0
2012-10-18 16:50:08,766 INFO select category0_.CategoryId as CategoryId0_, category0_.Name as Name0_, category0_.Description as Descript3_0_, category0_.ParentCategoryId as ParentCa4_0_ from dbo.[Category] category0_
2012-10-18 16:50:09,052 INFO select TOP (1)  user0_.UserId as UserId7_, user0_.FirstName as FirstName7_, user0_.LastName as LastName7_, user0_.Email as Email7_, user0_.RoleId as RoleId7_, user0_1_.Password as Password8_, case when user0_1_.RegisteredUserId is not null then 1 when user0_.UserId is not null then 0 end as clazz_ from dbo.[User] user0_ left outer join dbo.[RegisteredUser] user0_1_ on user0_.UserId=user0_1_.RegisteredUserId where user0_.Email=@p0
2012-10-18 16:50:09,105 INFO select TOP (1)  user0_.UserId as UserId7_, user0_.FirstName as FirstName7_, user0_.LastName as LastName7_, user0_.Email as Email7_, user0_.RoleId as RoleId7_, user0_1_.Password as Password8_, case when user0_1_.RegisteredUserId is not null then 1 when user0_.UserId is not null then 0 end as clazz_ from dbo.[User] user0_ left outer join dbo.[RegisteredUser] user0_1_ on user0_.UserId=user0_1_.RegisteredUserId where user0_.Email=@p0
2012-10-18 16:50:09,109 INFO select TOP (1)  user0_.UserId as UserId7_, user0_.FirstName as FirstName7_, user0_.LastName as LastName7_, user0_.Email as Email7_, user0_.RoleId as RoleId7_, user0_1_.Password as Password8_, case when user0_1_.RegisteredUserId is not null then 1 when user0_.UserId is not null then 0 end as clazz_ from dbo.[User] user0_ left outer join dbo.[RegisteredUser] user0_1_ on user0_.UserId=user0_1_.RegisteredUserId where user0_.Email=@p0
2012-10-18 16:50:09,181 INFO select TOP (1)  user0_.UserId as UserId7_, user0_.FirstName as FirstName7_, user0_.LastName as LastName7_, user0_.Email as Email7_, user0_.RoleId as RoleId7_, user0_1_.Password as Password8_, case when user0_1_.RegisteredUserId is not null then 1 when user0_.UserId is not null then 0 end as clazz_ from dbo.[User] user0_ left outer join dbo.[RegisteredUser] user0_1_ on user0_.UserId=user0_1_.RegisteredUserId where user0_.Email=@p0
2012-10-18 16:50:14,254 INFO select TOP (1)  user0_.UserId as UserId7_, user0_.FirstName as FirstName7_, user0_.LastName as LastName7_, user0_.Email as Email7_, user0_.RoleId as RoleId7_, user0_1_.Password as Password8_, case when user0_1_.RegisteredUserId is not null then 1 when user0_.UserId is not null then 0 end as clazz_ from dbo.[User] user0_ left outer join dbo.[RegisteredUser] user0_1_ on user0_.UserId=user0_1_.RegisteredUserId where user0_.Email=@p0
2012-10-18 16:50:14,268 INFO handling property dereference [DomainService.DomainModels.Consignment (c) -> CreationDate (Class)]
2012-10-18 16:50:14,270 INFO select consignmen0_.ConsignmentId as Consignm1_1_, consignmen0_.CreationDate as Creation2_1_, consignmen0_.ConsignmentStatusId as Consignm3_1_, consignmen0_.UserId as UserId1_ from dbo.[Consignment] consignmen0_ order by consignmen0_.CreationDate desc
2012-10-18 16:50:14,625 INFO SELECT user0_.UserId as UserId7_0_, user0_.FirstName as FirstName7_0_, user0_.LastName as LastName7_0_, user0_.Email as Email7_0_, user0_.RoleId as RoleId7_0_, user0_1_.Password as Password8_0_, case when user0_1_.RegisteredUserId is not null then 1 when user0_.UserId is not null then 0 end as clazz_0_ FROM dbo.[User] user0_ left outer join dbo.[RegisteredUser] user0_1_ on user0_.UserId=user0_1_.RegisteredUserId WHERE user0_.UserId=@p0
2012-10-18 16:50:14,639 INFO SELECT incomingpr0_.ConsignmentId as Consignm4_1_, incomingpr0_.IncomingProductId as Incoming1_1_, incomingpr0_.IncomingProductId as Incoming1_2_0_, incomingpr0_.Count as Count2_0_, incomingpr0_.ProductId as ProductId2_0_, incomingpr0_.ConsignmentId as Consignm4_2_0_ FROM dbo.[IncomingProduct] incomingpr0_ WHERE incomingpr0_.ConsignmentId=@p0
2012-10-18 16:50:15,416 INFO SELECT incomingpr0_.ConsignmentId as Consignm4_1_, incomingpr0_.IncomingProductId as Incoming1_1_, incomingpr0_.IncomingProductId as Incoming1_2_0_, incomingpr0_.Count as Count2_0_, incomingpr0_.ProductId as ProductId2_0_, incomingpr0_.ConsignmentId as Consignm4_2_0_ FROM dbo.[IncomingProduct] incomingpr0_ WHERE incomingpr0_.ConsignmentId=@p0
2012-10-18 16:50:18,389 INFO select TOP (1)  user0_.UserId as UserId7_, user0_.FirstName as FirstName7_, user0_.LastName as LastName7_, user0_.Email as Email7_, user0_.RoleId as RoleId7_, user0_1_.Password as Password8_, case when user0_1_.RegisteredUserId is not null then 1 when user0_.UserId is not null then 0 end as clazz_ from dbo.[User] user0_ left outer join dbo.[RegisteredUser] user0_1_ on user0_.UserId=user0_1_.RegisteredUserId where user0_.Email=@p0
2012-10-18 16:50:18,394 INFO select consignmen0_.ConsignmentId as Consignm1_1_, consignmen0_.CreationDate as Creation2_1_, consignmen0_.ConsignmentStatusId as Consignm3_1_, consignmen0_.UserId as UserId1_ from dbo.[Consignment] consignmen0_ order by consignmen0_.CreationDate desc
2012-10-18 16:50:18,401 INFO SELECT user0_.UserId as UserId7_0_, user0_.FirstName as FirstName7_0_, user0_.LastName as LastName7_0_, user0_.Email as Email7_0_, user0_.RoleId as RoleId7_0_, user0_1_.Password as Password8_0_, case when user0_1_.RegisteredUserId is not null then 1 when user0_.UserId is not null then 0 end as clazz_0_ FROM dbo.[User] user0_ left outer join dbo.[RegisteredUser] user0_1_ on user0_.UserId=user0_1_.RegisteredUserId WHERE user0_.UserId=@p0
2012-10-18 16:50:18,408 INFO SELECT incomingpr0_.ConsignmentId as Consignm4_1_, incomingpr0_.IncomingProductId as Incoming1_1_, incomingpr0_.IncomingProductId as Incoming1_2_0_, incomingpr0_.Count as Count2_0_, incomingpr0_.ProductId as ProductId2_0_, incomingpr0_.ConsignmentId as Consignm4_2_0_ FROM dbo.[IncomingProduct] incomingpr0_ WHERE incomingpr0_.ConsignmentId=@p0
2012-10-18 16:50:18,414 INFO SELECT incomingpr0_.ConsignmentId as Consignm4_1_, incomingpr0_.IncomingProductId as Incoming1_1_, incomingpr0_.IncomingProductId as Incoming1_2_0_, incomingpr0_.Count as Count2_0_, incomingpr0_.ProductId as ProductId2_0_, incomingpr0_.ConsignmentId as Consignm4_2_0_ FROM dbo.[IncomingProduct] incomingpr0_ WHERE incomingpr0_.ConsignmentId=@p0
2012-10-18 16:50:19,180 INFO select TOP (1)  user0_.UserId as UserId7_, user0_.FirstName as FirstName7_, user0_.LastName as LastName7_, user0_.Email as Email7_, user0_.RoleId as RoleId7_, user0_1_.Password as Password8_, case when user0_1_.RegisteredUserId is not null then 1 when user0_.UserId is not null then 0 end as clazz_ from dbo.[User] user0_ left outer join dbo.[RegisteredUser] user0_1_ on user0_.UserId=user0_1_.RegisteredUserId where user0_.Email=@p0
2012-10-18 16:50:19,190 INFO select consignmen0_.ConsignmentId as Consignm1_1_, consignmen0_.CreationDate as Creation2_1_, consignmen0_.ConsignmentStatusId as Consignm3_1_, consignmen0_.UserId as UserId1_ from dbo.[Consignment] consignmen0_ order by consignmen0_.CreationDate desc
2012-10-18 16:50:19,199 INFO SELECT user0_.UserId as UserId7_0_, user0_.FirstName as FirstName7_0_, user0_.LastName as LastName7_0_, user0_.Email as Email7_0_, user0_.RoleId as RoleId7_0_, user0_1_.Password as Password8_0_, case when user0_1_.RegisteredUserId is not null then 1 when user0_.UserId is not null then 0 end as clazz_0_ FROM dbo.[User] user0_ left outer join dbo.[RegisteredUser] user0_1_ on user0_.UserId=user0_1_.RegisteredUserId WHERE user0_.UserId=@p0
2012-10-18 16:50:19,205 INFO SELECT incomingpr0_.ConsignmentId as Consignm4_1_, incomingpr0_.IncomingProductId as Incoming1_1_, incomingpr0_.IncomingProductId as Incoming1_2_0_, incomingpr0_.Count as Count2_0_, incomingpr0_.ProductId as ProductId2_0_, incomingpr0_.ConsignmentId as Consignm4_2_0_ FROM dbo.[IncomingProduct] incomingpr0_ WHERE incomingpr0_.ConsignmentId=@p0
2012-10-18 16:50:19,211 INFO SELECT incomingpr0_.ConsignmentId as Consignm4_1_, incomingpr0_.IncomingProductId as Incoming1_1_, incomingpr0_.IncomingProductId as Incoming1_2_0_, incomingpr0_.Count as Count2_0_, incomingpr0_.ProductId as ProductId2_0_, incomingpr0_.ConsignmentId as Consignm4_2_0_ FROM dbo.[IncomingProduct] incomingpr0_ WHERE incomingpr0_.ConsignmentId=@p0
2012-10-18 16:50:19,524 INFO select TOP (1)  user0_.UserId as UserId7_, user0_.FirstName as FirstName7_, user0_.LastName as LastName7_, user0_.Email as Email7_, user0_.RoleId as RoleId7_, user0_1_.Password as Password8_, case when user0_1_.RegisteredUserId is not null then 1 when user0_.UserId is not null then 0 end as clazz_ from dbo.[User] user0_ left outer join dbo.[RegisteredUser] user0_1_ on user0_.UserId=user0_1_.RegisteredUserId where user0_.Email=@p0
2012-10-18 16:50:19,534 INFO select consignmen0_.ConsignmentId as Consignm1_1_, consignmen0_.CreationDate as Creation2_1_, consignmen0_.ConsignmentStatusId as Consignm3_1_, consignmen0_.UserId as UserId1_ from dbo.[Consignment] consignmen0_ order by consignmen0_.CreationDate desc
2012-10-18 16:50:19,547 INFO SELECT user0_.UserId as UserId7_0_, user0_.FirstName as FirstName7_0_, user0_.LastName as LastName7_0_, user0_.Email as Email7_0_, user0_.RoleId as RoleId7_0_, user0_1_.Password as Password8_0_, case when user0_1_.RegisteredUserId is not null then 1 when user0_.UserId is not null then 0 end as clazz_0_ FROM dbo.[User] user0_ left outer join dbo.[RegisteredUser] user0_1_ on user0_.UserId=user0_1_.RegisteredUserId WHERE user0_.UserId=@p0
2012-10-18 16:50:19,557 INFO SELECT incomingpr0_.ConsignmentId as Consignm4_1_, incomingpr0_.IncomingProductId as Incoming1_1_, incomingpr0_.IncomingProductId as Incoming1_2_0_, incomingpr0_.Count as Count2_0_, incomingpr0_.ProductId as ProductId2_0_, incomingpr0_.ConsignmentId as Consignm4_2_0_ FROM dbo.[IncomingProduct] incomingpr0_ WHERE incomingpr0_.ConsignmentId=@p0
2012-10-18 16:50:19,569 INFO SELECT incomingpr0_.ConsignmentId as Consignm4_1_, incomingpr0_.IncomingProductId as Incoming1_1_, incomingpr0_.IncomingProductId as Incoming1_2_0_, incomingpr0_.Count as Count2_0_, incomingpr0_.ProductId as ProductId2_0_, incomingpr0_.ConsignmentId as Consignm4_2_0_ FROM dbo.[IncomingProduct] incomingpr0_ WHERE incomingpr0_.ConsignmentId=@p0
2012-10-18 16:50:20,656 INFO select TOP (1)  user0_.UserId as UserId7_, user0_.FirstName as FirstName7_, user0_.LastName as LastName7_, user0_.Email as Email7_, user0_.RoleId as RoleId7_, user0_1_.Password as Password8_, case when user0_1_.RegisteredUserId is not null then 1 when user0_.UserId is not null then 0 end as clazz_ from dbo.[User] user0_ left outer join dbo.[RegisteredUser] user0_1_ on user0_.UserId=user0_1_.RegisteredUserId where user0_.Email=@p0
2012-10-18 16:50:20,667 INFO SELECT consignmen0_.ConsignmentId as Consignm1_1_0_, consignmen0_.CreationDate as Creation2_1_0_, consignmen0_.ConsignmentStatusId as Consignm3_1_0_, consignmen0_.UserId as UserId1_0_ FROM dbo.[Consignment] consignmen0_ WHERE consignmen0_.ConsignmentId=@p0
2012-10-18 16:50:20,679 INFO SELECT incomingpr0_.ConsignmentId as Consignm4_1_, incomingpr0_.IncomingProductId as Incoming1_1_, incomingpr0_.IncomingProductId as Incoming1_2_0_, incomingpr0_.Count as Count2_0_, incomingpr0_.ProductId as ProductId2_0_, incomingpr0_.ConsignmentId as Consignm4_2_0_ FROM dbo.[IncomingProduct] incomingpr0_ WHERE incomingpr0_.ConsignmentId=@p0
2012-10-18 16:50:20,689 INFO SELECT product0_.ProductId as ProductId5_0_, product0_.Name as Name5_0_, product0_.Description as Descript3_5_0_, product0_.Price as Price5_0_, product0_.CategoryId as CategoryId5_0_, product0_.UserId as UserId5_0_, product0_1_.Count as Count6_0_, case when product0_1_.ProductId is not null then 1 when product0_.ProductId is not null then 0 end as clazz_0_ FROM dbo.[Product] product0_ left outer join dbo.[AvailableProduct] product0_1_ on product0_.ProductId=product0_1_.ProductId WHERE product0_.ProductId=@p0
